west1

===============================================================
Programm zur Berechnung aller lösbaren Spielbretter 
===============================================================
    Kira Duwe
    Enno Zickler
===============================================================
Starte Berechnung für 4 x 4 Spielbretter. 
========== 2 Figuren===============
Pozess 0 fertig in 0.073010 sec. 
====================================
========== 3 Figuren===============
Pozess 0 fertig in 0.117172 sec. 
====================================
========== 4 Figuren===============
Pozess 0 fertig in 1.685541 sec. 
====================================
========== 5 Figuren===============
Pozess 0 fertig in 22.431373 sec. 
====================================
========== 6 Figuren===============
Pozess 0 fertig in 164.699555 sec. 
====================================
========== 7 Figuren===============
Pozess 0 fertig in 538.354015 sec. 
====================================
========== 8 Figuren===============
Pozess 0 fertig in 1036.384502 sec. 
====================================
========== 9 Figuren===============
Pozess 0 fertig in 1523.982839 sec. 
====================================
========== 10 Figuren===============
Pozess 0 fertig in 1068.604975 sec. 
====================================
Berechnungszeit:    4356.333030 s 
Bretter / Sekunde: 1534412.441374 

Figuren: 	 Loesbare: 	 Gesamt: 	 Lösbar in %: 	 Zeit:
==========================================================================
  0 	 	          0 	          0 	       -nan 	    0.000 
  1 	 	         96 	         96 	    100.000 	    0.000 
  2 	 	       2050 	       4080 	     50.245 	    0.073 
  3 	 	      71521 	     100800 	     70.953 	    0.117 
  4 	 	    1425531 	    1594320 	     89.413 	    1.686 
  5 	 	   16373752 	   16773120 	     97.619 	   22.431 
  6 	 	  117846720 	  118198080 	     99.703 	  164.700 
  7 	 	  547652219 	  547747200 	     99.983 	  538.354 
  8 	 	 1589184012 	 1589187600 	    100.000 	 1036.385 
  9 	 	 -1700375296 	 2594592000 	    100.000 	 1523.983 
 10 	 	 1816214400 	 1816214400 	    100.000 	 1068.605 
==========================================================================
Summe: 		 6683362205 	 6684411600 	     99.984 	 4356.333 

Anteil der loesbaren Bretter in Prozent: 0.015699
