west1
west2
west3
west4
west5
west7
west6
west9
west10
west8

===============================================================
Programm zur Berechnung aller lösbaren Spielbretter 
===============================================================
    Kira Duwe
    Enno Zickler
===============================================================
Starte Berechnung für 3 x 3 Spielbretter. 
========== 2 Figuren===============
Pozess 6 fertig in 0.001174 sec. 
Pozess 7 fertig in 0.001985 sec. 
Pozess 0 fertig in 0.003940 sec. 
Pozess 3 fertig in 0.004797 sec. 
Pozess 1 fertig in 0.005432 sec. 
Pozess 2 fertig in 0.005938 sec. 
Pozess 5 fertig in 0.006184 sec. 
Pozess 9 fertig in 0.006386 sec. 
Pozess 4 fertig in 0.002773 sec. 
Pozess 8 fertig in 0.009576 sec. 
