west1
west2
west3
west4
west5
west7
west6
west9
west8
west10

===============================================================
Programm zur Berechnung aller lösbaren Spielbretter 
===============================================================
    Kira Duwe
    Enno Zickler
===============================================================
Starte Berechnung für 2 x 5 Spielbretter. 
========== 2 Figuren===============
0000500006 
0050000006 
5000000006 
0000400006 
0040000006 
4000000006 
0000300006 
0030000006 
3000000006 
0000200006 
0020000006 
2000000006 
0000100006 
0010000006 
1000000006 
Pozess 0 fertig in 0.000229 sec. 
0000000650 
0050000600 
5000000600 
0000000604 
0000000640 
0040000600 
4000000600 
0000000603 
0000000630 
0600000005 
0600000050 
0600005000 
0600500000 
0600000004 
0000060005 
0000060050 
5000060000 
0000060004 
0000060040 
0030000600 
3000000600 
0000000620 
0020000600 
2000000600 
0600000040 
0600004000 
0600400000 
0600000003 
0600000030 
4000060000 
0000060003 
0000060030 
3000060000 
0000060020 
0000000601 
0000000610 
0010000600 
1000000600 
0600003000 
0600300000 
0600000020 
0600002000 
2000060000 
0000060001 
0000060010 
0000000560 
0000050060 
0005000060 
0500000060 
0000000064 
1000060000 
0000000460 
0000040060 
0004000060 
0400000060 
0000000063 
0000000360 
0000030060 
Pozess 2 fertig in 0.000287 sec. 
0600200000 
0600000001 
0600000010 
0600001000 
0006000005 
0006000050 
0006005000 
0006000004 
0006000040 
0006004000 
0006000003 
0006000030 
0006003000 
0006000020 
0006002000 
0006000001 
0006000010 
0006001000 
Pozess 6 fertig in 0.000235 sec. 
Pozess 4 fertig in 0.000245 sec. 
0005006000 
0500006000 
0000006004 
0000006040 
0000006400 
0000046000 
0400006000 
0000006030 
0000006300 
0003006000 
0300006000 
0000006002 
0000026000 
0002006000 
0200006000 
0000006010 
0003000060 
0300000060 
0000000260 
6000000005 
6000000050 
6000000500 
6000050000 
6000000004 
6000000040 
6000000400 
6004000000 
6400000000 
6000000003 
6000000030 
6000000300 
6000030000 
0600100000 
6300000000 
6000000002 
6000000200 
6000020000 
6002000000 
Pozess 8 fertig in 0.000294 sec. 
0000600005 
0000600050 
0500600000 
0000600040 
0000600400 
0000640000 
0004600000 
0000600003 
0000600030 
0000630000 
0300600000 
0000600002 
0000600200 
0000006100 
0001006000 
0100006000 
Pozess 3 fertig in 0.000255 sec. 
0000020060 
0002000060 
0200000060 
0000000061 
0000000160 
0002600000 
0200600000 
0000600001 
0000600010 
0000610000 
0100600000 
0000010060 
0001000060 
0100000060 
Pozess 1 fertig in 0.000316 sec. 
6000000001 
6000000010 
6000000100 
6000010000 
0060000005 
0060000050 
0060000500 
0060000004 
0060000040 
0060040000 
0064000000 
0460000000 
0060000003 
0060000030 
0060000300 
0063000000 
0060000002 
0060000200 
6100000000 
Pozess 9 fertig in 0.000295 sec. 
0060020000 
0260000000 
0060000001 
0060000010 
0060000100 
0061000000 
Pozess 5 fertig in 0.000327 sec. 
Pozess 7 fertig in 0.000259 sec. 
====================================
========== 3 Figuren===============
Pozess 0 fertig in 0.002444 sec. 
Pozess 4 fertig in 0.002262 sec. 
Pozess 2 fertig in 0.002299 sec. 
Pozess 8 fertig in 0.002258 sec. 
Pozess 5 fertig in 0.002002 sec. 
Pozess 1 fertig in 0.002333 sec. 
Pozess 9 fertig in 0.002130 sec. 
Pozess 7 fertig in 0.002026 sec. 
Pozess 6 fertig in 0.002236 sec. 
Pozess 3 fertig in 0.002231 sec. 
====================================
========== 4 Figuren===============
Pozess 2 fertig in 0.005699 sec. 
Pozess 1 fertig in 0.006659 sec. 
Pozess 4 fertig in 0.007638 sec. 
Pozess 0 fertig in 0.007885 sec. 
Pozess 3 fertig in 0.007714 sec. 
Pozess 7 fertig in 0.007765 sec. 
Pozess 5 fertig in 0.007984 sec. 
Pozess 8 fertig in 0.007913 sec. 
Pozess 9 fertig in 0.007975 sec. 
Pozess 6 fertig in 0.008541 sec. 
====================================
========== 5 Figuren===============
Pozess 1 fertig in 0.028870 sec. 
Pozess 8 fertig in 0.028852 sec. 
Pozess 2 fertig in 0.031624 sec. 
Pozess 9 fertig in 0.031306 sec. 
Pozess 3 fertig in 0.031822 sec. 
Pozess 5 fertig in 0.031983 sec. 
Pozess 4 fertig in 0.032521 sec. 
Pozess 7 fertig in 0.033151 sec. 
Pozess 6 fertig in 0.033778 sec. 
Pozess 0 fertig in 0.037668 sec. 
====================================
========== 6 Figuren===============
Pozess 1 fertig in 0.139620 sec. 
Pozess 5 fertig in 0.154005 sec. 
Pozess 2 fertig in 0.173366 sec. 
Pozess 8 fertig in 0.185228 sec. 
Pozess 3 fertig in 0.186260 sec. 
Pozess 7 fertig in 0.205210 sec. 
Pozess 6 fertig in 0.217368 sec. 
Pozess 0 fertig in 0.257407 sec. 
Pozess 4 fertig in 0.291156 sec. 
Pozess 9 fertig in 0.305189 sec. 
====================================
========== 7 Figuren===============
Pozess 0 fertig in 0.398881 sec. 
Pozess 3 fertig in 0.614849 sec. 
Pozess 2 fertig in 0.999339 sec. 
Pozess 7 fertig in 1.052479 sec. 
Pozess 6 fertig in 1.077515 sec. 
Pozess 8 fertig in 1.149539 sec. 
Pozess 9 fertig in 1.034651 sec. 
Pozess 4 fertig in 1.197339 sec. 
Pozess 5 fertig in 1.694842 sec. 
Pozess 1 fertig in 2.065383 sec. 
====================================
========== 8 Figuren===============
Pozess 7 fertig in 2.783179 sec. 
Pozess 1 fertig in 2.002240 sec. 
Pozess 2 fertig in 3.289208 sec. 
Pozess 8 fertig in 3.438924 sec. 
Pozess 6 fertig in 3.475499 sec. 
Pozess 9 fertig in 3.669300 sec. 
Pozess 4 fertig in 3.603200 sec. 
Pozess 3 fertig in 5.646647 sec. 
Pozess 0 fertig in 6.635577 sec. 
Pozess 5 fertig in 5.672743 sec. 
====================================
========== 9 Figuren===============
Pozess 3 fertig in 1.610758 sec. 
Pozess 1 fertig in 4.058141 sec. 
Pozess 0 fertig in 1.085865 sec. 
Pozess 7 fertig in 6.060253 sec. 
Pozess 2 fertig in 5.973636 sec. 
Pozess 9 fertig in 5.470478 sec. 
Pozess 6 fertig in 5.738999 sec. 
Pozess 4 fertig in 5.486908 sec. 
Pozess 8 fertig in 5.829900 sec. 
Pozess 5 fertig in 3.490069 sec. 
====================================
========== 10 Figuren===============
Pozess 1 fertig in 2.815473 sec. 
Pozess 0 fertig in 2.724607 sec. 
Pozess 7 fertig in 1.013320 sec. 
Pozess 6 fertig in 0.610337 sec. 
Pozess 3 fertig in 3.073373 sec. 
Pozess 2 fertig in 0.704790 sec. 
Pozess 9 fertig in 0.672129 sec. 
Pozess 8 fertig in 0.555945 sec. 
Pozess 4 fertig in 0.603147 sec. 
Pozess 5 fertig in 0.256822 sec. 
====================================
Berechnungszeit:    11.311861 s 
Bretter / Sekunde: 121448.186112 

Figuren: 	 Loesbare: 	 Gesamt: 	 Lösbar in %: 	 Zeit:
==========================================================================
  0 		          0 	          0 	       -nan 	       0.000 
  1 		         60 	         60 	    100.000 	       0.000 
  2 		         30 	         45 	     66.667 	       0.000 
  3 		        128 	        864 	     14.815 	       0.002 
  4 		        878 	       9072 	      9.678 	       0.008 
  5 		       6718 	      55944 	     12.008 	       0.038 
  6 		      38780 	     204120 	     18.999 	       0.257 
  7 		     114320 	     423360 	     27.003 	       0.399 
  8 		     144822 	     453600 	     31.927 	       6.636 
  9 		      68916 	     204120 	     33.762 	       1.086 
 10 		       7308 	      22680 	     32.222 	       2.725 
==========================================================================
Summe: 		     381900 	    1373805 	     27.799 	      11.312 

Anteil der loesbaren Bretter in Prozent: 72.201295
