west1
west2
west3
west5
west4
west6
west7
west9
west8
west10

===============================================================
Programm zur Berechnung aller lösbaren Spielbretter 
===============================================================
    Kira Duwe
    Enno Zickler
===============================================================
Starte Berechnung für 3 x 3 Spielbretter. 
========== 2 Figuren===============
Pozess 5 fertig in 0.001404 sec. 
Pozess 9 fertig in 0.002312 sec. 
Pozess 7 fertig in 0.002218 sec. 
Pozess 1 fertig in 0.003129 sec. 
Pozess 8 fertig in 0.004935 sec. 
Pozess 2 fertig in 0.006241 sec. 
Pozess 0 fertig in 0.006553 sec. 
Pozess 4 fertig in 0.002971 sec. 
Pozess 6 fertig in 0.007196 sec. 
Pozess 3 fertig in 0.008853 sec. 
