west1
west2
west3
west4
west5
west6
west7
west9
west10
west8

===============================================================
Programm zur Berechnung aller lösbaren Spielbretter 
===============================================================
    Kira Duwe
    Enno Zickler
===============================================================
Starte Berechnung für 3 x 3 Spielbretter. 
========== 2 Figuren===============
Pozess 8 fertig in 0.002370 sec. 
Pozess 2 fertig in 0.003624 sec. 
Pozess 1 fertig in 0.003800 sec. 
Pozess 0 fertig in 0.005413 sec. 
Pozess 6 fertig in 0.005303 sec. 
Pozess 9 fertig in 0.005292 sec. 
Pozess 4 fertig in 0.006027 sec. 
Pozess 7 fertig in 0.004165 sec. 
Pozess 3 fertig in 0.006892 sec. 
Pozess 5 fertig in 0.008706 sec. 
