west1
west2
west4
west3
west5
west6
west8
west7
west9
west10

===============================================================
Programm zur Berechnung aller lösbaren Spielbretter 
===============================================================
    Kira Duwe
    Enno Zickler
===============================================================
Starte Berechnung für 3 x 3 Spielbretter. 
========== 2 Figuren===============
Pozess 6 fertig in 0.003302 sec. 
Pozess 5 fertig in 0.003515 sec. 
Pozess 3 fertig in 0.003836 sec. 
Pozess 4 fertig in 0.003955 sec. 
Pozess 9 fertig in 0.004733 sec. 
Pozess 8 fertig in 0.005606 sec. 
Pozess 1 fertig in 0.006636 sec. 
Pozess 2 fertig in 0.006666 sec. 
Pozess 7 fertig in 0.006461 sec. 
Pozess 0 fertig in 0.007874 sec. 
