west1

===============================================================
Programm zur Berechnung aller lösbaren Spielbretter 
===============================================================
    Kira Duwe
    Enno Zickler
===============================================================
Starte Berechnung für 4 x 4 Spielbretter. 
========== 2 Figuren===============
Pozess 0 fertig in 0.061649 sec. 
====================================
========== 3 Figuren===============
Pozess 0 fertig in 0.071816 sec. 
====================================
========== 4 Figuren===============
Pozess 0 fertig in 1.332409 sec. 
====================================
========== 5 Figuren===============
Pozess 0 fertig in 19.022505 sec. 
====================================
========== 6 Figuren===============
Pozess 0 fertig in 157.884729 sec. 
====================================
========== 7 Figuren===============
Pozess 0 fertig in 463.724087 sec. 
====================================
========== 8 Figuren===============
Pozess 0 fertig in 394.083912 sec. 
====================================
========== 9 Figuren===============
Pozess 0 fertig in 230.481412 sec. 
====================================
========== 10 Figuren===============
Pozess 0 fertig in 149.467274 sec. 
====================================
Berechnungszeit:    1416.129835 s 
Bretter / Sekunde: 4720196.859633 

Figuren:  Loesbare:    Gesamt:  % Lösbar:  Zeit Max    Min     Avg 
==========================================================================
  0              0           0      -nan      0.00     0.00     0.00
  1             96          96    100.00      0.00     0.00     0.00
  2           2050        4080     50.25      0.06     0.06     0.06
  3          71521      100800     70.95      0.07     0.07     0.07
  4        1425531     1594320     89.41      1.33     1.33     1.33
  5       16373752    16773120     97.62     19.02    19.02    19.02
  6      117846720   118198080     99.70    157.88   157.88   157.88
  7      547652219   547747200     99.98    463.72   463.72   463.72
  8     1589184012  1589187600    100.00    394.08   394.08   394.08
  9     2594592000  2594592000    100.00    230.48   230.48   230.48
 10     1816214400  1816214400    100.00    149.47   149.47   149.47
==========================================================================
Summe:  6683362205  6684411600     99.98   1416.13 

Anteil der loesbaren Bretter in Prozent: 0.015699
